[debug] [2021-01-09T02:22:41.604Z] ----------------------------------------------------------------------
[debug] [2021-01-09T02:22:41.607Z] Command:       /usr/bin/node /usr/bin/firebase init hosting:github
[debug] [2021-01-09T02:22:41.607Z] CLI Version:   9.1.2
[debug] [2021-01-09T02:22:41.607Z] Platform:      linux
[debug] [2021-01-09T02:22:41.607Z] Node Version:  v12.20.1
[debug] [2021-01-09T02:22:41.607Z] Time:          Sat Jan 09 2021 02:22:41 GMT+0000 (Coordinated Universal Time)
[debug] [2021-01-09T02:22:41.608Z] ----------------------------------------------------------------------
[debug] [2021-01-09T02:22:41.608Z] 
[debug] [2021-01-09T02:22:41.612Z] > command requires scopes: ["email","openid","https://www.googleapis.com/auth/cloudplatformprojects.readonly","https://www.googleapis.com/auth/firebase","https://www.googleapis.com/auth/cloud-platform"]
[debug] [2021-01-09T02:22:41.613Z] > authorizing via signed-in user
[info] 
     ######## #### ########  ######## ########     ###     ######  ########
     ##        ##  ##     ## ##       ##     ##  ##   ##  ##       ##
     ######    ##  ########  ######   ########  #########  ######  ######
     ##        ##  ##    ##  ##       ##     ## ##     ##       ## ##
     ##       #### ##     ## ######## ########  ##     ##  ######  ########

You're about to initialize a Firebase project in this directory:

  /home/ubuntu/development/VINUNI

Before we get started, keep in mind:

  * You are currently outside your home directory

[info] 
=== Project Setup
[info] 
[info] First, let's associate this project directory with a Firebase project.
[info] You can create multiple project aliases by running firebase use --add, 
[info] but for now we'll just set up a default project.
[info] 
[debug] [2021-01-09T02:22:44.292Z] >>> HTTP REQUEST GET https://firebase.googleapis.com/v1beta1/projects?pageSize=100  
 
[debug] [2021-01-09T02:22:44.760Z] <<< HTTP RESPONSE 200 {"content-type":"application/json; charset=UTF-8","vary":"X-Origin, Referer, Origin,Accept-Encoding","date":"Sat, 09 Jan 2021 02:22:44 GMT","server":"ESF","cache-control":"private","x-xss-protection":"0","x-frame-options":"SAMEORIGIN","x-content-type-options":"nosniff","alt-svc":"h3-29=\":443\"; ma=2592000,h3-T051=\":443\"; ma=2592000,h3-Q050=\":443\"; ma=2592000,h3-Q046=\":443\"; ma=2592000,h3-Q043=\":443\"; ma=2592000,quic=\":443\"; ma=2592000; v=\"46,43\"","accept-ranges":"none","transfer-encoding":"chunked"}
[info] i  Using project hutech-peaga-xyz (hutech-peaga-xyz) 
[info] 
=== Hosting:github Setup
[info] 
[info] i  Detected a .git folder at /home/ubuntu/development/VINUNI 
[info] i  Authorizing with GitHub to upload your service account to a GitHub repository's secrets store. 
[info] 
[info] Visit this URL on this device to log in:
[info] https://github.com/login/oauth/authorize?client_id=89cf50f02ac6aaed3484&state=930810683&redirect_uri=http%3A%2F%2Flocalhost%3A9009&scope=read%3Auser%20repo%20public_repo
[info] 
[info] Waiting for authentication...
[debug] [2021-01-09T02:23:21.129Z] ----------------------------------------------------------------------
[debug] [2021-01-09T02:23:21.132Z] Command:       /usr/bin/node /usr/bin/firebase init hosting:github
[debug] [2021-01-09T02:23:21.132Z] CLI Version:   9.1.2
[debug] [2021-01-09T02:23:21.132Z] Platform:      linux
[debug] [2021-01-09T02:23:21.132Z] Node Version:  v12.20.1
[debug] [2021-01-09T02:23:21.133Z] Time:          Sat Jan 09 2021 02:23:21 GMT+0000 (Coordinated Universal Time)
[debug] [2021-01-09T02:23:21.133Z] ----------------------------------------------------------------------
[debug] [2021-01-09T02:23:21.133Z] 
[debug] [2021-01-09T02:23:21.137Z] > command requires scopes: ["email","openid","https://www.googleapis.com/auth/cloudplatformprojects.readonly","https://www.googleapis.com/auth/firebase","https://www.googleapis.com/auth/cloud-platform"]
[debug] [2021-01-09T02:23:21.138Z] > authorizing via signed-in user
[info] 
     ######## #### ########  ######## ########     ###     ######  ########
     ##        ##  ##     ## ##       ##     ##  ##   ##  ##       ##
     ######    ##  ########  ######   ########  #########  ######  ######
     ##        ##  ##    ##  ##       ##     ## ##     ##       ## ##
     ##       #### ##     ## ######## ########  ##     ##  ######  ########

You're about to initialize a Firebase project in this directory:

  /home/ubuntu/development/VINUNI

Before we get started, keep in mind:

  * You are currently outside your home directory

[info] 
=== Project Setup
[info] 
[info] First, let's associate this project directory with a Firebase project.
[info] You can create multiple project aliases by running firebase use --add, 
[info] but for now we'll just set up a default project.
[info] 
[debug] [2021-01-09T02:23:22.546Z] >>> HTTP REQUEST GET https://firebase.googleapis.com/v1beta1/projects?pageSize=100  
 
[debug] [2021-01-09T02:23:22.893Z] <<< HTTP RESPONSE 200 {"content-type":"application/json; charset=UTF-8","vary":"X-Origin, Referer, Origin,Accept-Encoding","date":"Sat, 09 Jan 2021 02:23:22 GMT","server":"ESF","cache-control":"private","x-xss-protection":"0","x-frame-options":"SAMEORIGIN","x-content-type-options":"nosniff","alt-svc":"h3-29=\":443\"; ma=2592000,h3-T051=\":443\"; ma=2592000,h3-Q050=\":443\"; ma=2592000,h3-Q046=\":443\"; ma=2592000,h3-Q043=\":443\"; ma=2592000,quic=\":443\"; ma=2592000; v=\"46,43\"","accept-ranges":"none","transfer-encoding":"chunked"}
[info] i  Using project hutech-peaga-xyz (hutech-peaga-xyz) 
[info] 
=== Hosting:github Setup
[info] 
[info] i  Detected a .git folder at /home/ubuntu/development/VINUNI 
[info] i  Authorizing with GitHub to upload your service account to a GitHub repository's secrets store. 
[info] 
[info] Visit this URL on this device to log in:
[info] https://github.com/login/oauth/authorize?client_id=89cf50f02ac6aaed3484&state=192747025&redirect_uri=http%3A%2F%2Flocalhost%3A9010&scope=read%3Auser%20repo%20public_repo
[info] 
[info] Waiting for authentication...
